Build started 12/1/2015 5:50:58 PM.
     1>Project "C:\Users\Chase\Documents\school\cs448h\448h_final\Instant_Instancing\Instant_Instancing\Instant_Instancing.vcxproj" on node 2 (Build target(s)).
     1>ClCompile:
         C:\Program Files (x86)\Microsoft Visual Studio 12.0\VC\bin\CL.exe /c /ZI /nologo /W3 /WX- /sdl /Od /Oy- /D WIN32 /D _SCL_SECURE_NO_WARNINGS /D _DEBUG /D _CONSOLE /D _LIB /D _UNICODE /D UNICODE /Gm /EHsc /RTC1 /MDd /GS /fp:precise /Zc:wchar_t /Zc:forScope /Yu"stdafx.h" /Fp"Debug\Instant_Instancing.pch" /Fo"Debug\\" /Fd"Debug\vc120.pdb" /Gd /TP /analyze- /errorReport:prompt /bigobj Instant_Instancing.cpp SymbolicMatrix.cpp
         SymbolicMatrix.cpp
     1>c:\users\chase\documents\school\cs448h\448h_final\instant_instancing\instant_instancing\symbolicmatrix.cpp(243): warning C4244: '=' : conversion from 'double' to 'float', possible loss of data
         Generating Code...
         Compiling...
         Instant_Instancing.cpp
         Generating Code...
       Link:
         C:\Program Files (x86)\Microsoft Visual Studio 12.0\VC\bin\link.exe /ERRORREPORT:PROMPT /OUT:"C:\Users\Chase\Documents\school\cs448h\448h_final\Instant_Instancing\Debug\Instant_Instancing.exe" /INCREMENTAL /NOLOGO /LIBPATH:"C:\Users\VERGIL\Desktop\448h\448h_final\openmesh-4.1\Build\Build\lib" opengl32.lib OpenMeshCored.lib openmeshtoolsd.lib kernel32.lib user32.lib gdi32.lib winspool.lib comdlg32.lib advapi32.lib shell32.lib ole32.lib oleaut32.lib uuid.lib odbc32.lib odbccp32.lib /MANIFEST /MANIFESTUAC:"level='asInvoker' uiAccess='false'" /manifest:embed /DEBUG /PDB:"C:\Users\Chase\Documents\school\cs448h\448h_final\Instant_Instancing\Debug\Instant_Instancing.pdb" /SUBSYSTEM:CONSOLE /TLBID:1 /DYNAMICBASE /NXCOMPAT /IMPLIB:"C:\Users\Chase\Documents\school\cs448h\448h_final\Instant_Instancing\Debug\Instant_Instancing.lib" /MACHINE:X86 Debug\Cube.obj
         Debug\Cylinder.obj
         Debug\Instant_Instancing.obj
         Debug\Mesh.obj
         Debug\Parser.obj
         Debug\Procedure.obj
         Debug\Sphere.obj
         Debug\stdafx.obj
         Debug\Symbol.obj
         Debug\SymbolicMatrix.obj
         Debug\Transform.obj
         Instant_Instancing.vcxproj -> C:\Users\Chase\Documents\school\cs448h\448h_final\Instant_Instancing\Debug\Instant_Instancing.exe
     1>Done Building Project "C:\Users\Chase\Documents\school\cs448h\448h_final\Instant_Instancing\Instant_Instancing\Instant_Instancing.vcxproj" (Build target(s)).

Build succeeded.

Time Elapsed 00:00:11.49
